Arguments: 
  /Users/manu/.nvm/versions/node/v16.13.1/bin/node /Users/manu/.nvm/versions/node/v16.13.1/bin/yarn add parcel --dev

PATH: 
  ./bin:./node_modules/.bin:/Users/manu/.nvm/versions/node/v16.13.1/bin:/Users/manu/.rbenv/shims:/Users/manu/.rbenv/bin:/opt/homebrew/bin:/opt/homebrew/sbin:/Users/manu/.pyenv/bin:/usr/local/bin:/usr/bin:/bin:/usr/sbin:/sbin:/usr/local/sbin

Yarn version: 
  1.22.18

Node version: 
  16.13.1

Platform: 
  darwin arm64

Trace: 
  SyntaxError: /Users/manu/Library/CloudStorage/OneDrive-Personal/Documents/estudos/exercicios/beginner-javascript/package.json: Unexpected token < in JSON at position 505
      at JSON.parse (<anonymous>)
      at /Users/manu/.nvm/versions/node/v16.13.1/lib/node_modules/yarn/lib/cli.js:1625:59
      at Generator.next (<anonymous>)
      at step (/Users/manu/.nvm/versions/node/v16.13.1/lib/node_modules/yarn/lib/cli.js:310:30)
      at /Users/manu/.nvm/versions/node/v16.13.1/lib/node_modules/yarn/lib/cli.js:321:13

npm manifest: 
  {
    "name": "beginner-javascript",
    "version": "1.0.0",
    "description": "![](https://res.cloudinary.com/wesbos/image/upload/v1574876851/BJS/BJS-Social-Share.png)",
    "main": "some.js",
    "scripts": {
      "test": "echo \"Error: no test specified\" && exit 1"
    },
    "repository": {
      "type": "git",
      "url": "git+https://github.com/vasconsaurus/beginner-javascript.git"
    },
    "author": "",
    "license": "ISC",
    "bugs": {
      "url": "https://github.com/vasconsaurus/beginner-javascript/issues"
    },
  <<<<<<< HEAD
    "homepage": "https://github.com/vasconsaurus/beginner-javascript#readme",
    "devDependencies": {
      "@babel/core": "^7.16.0",
      "@babel/eslint-parser": "^7.16.3",
      "@babel/preset-react": "^7.16.0",
      "@types/node": "^16.11.7",
      "@typescript-eslint/eslint-plugin": "^4.33.0",
      "@typescript-eslint/parser": "^4.33.0",
      "eslint": "^7.32.0",
      "eslint-config-airbnb": "^18.2.1",
      "eslint-config-airbnb-typescript": "^14.0.2",
      "eslint-config-prettier": "^8.3.0",
      "eslint-config-wesbos": "^2.1.0",
      "eslint-plugin-html": "^6.2.0",
      "eslint-plugin-import": "^2.25.3",
      "eslint-plugin-jsx-a11y": "^6.5.1",
      "eslint-plugin-prettier": "^4.0.0",
      "eslint-plugin-react": "^7.27.0",
      "eslint-plugin-react-hooks": "^4.3.0",
      "prettier": "^2.4.1",
      "typescript": "^4.5.2"
    }
  =======
    "homepage": "https://github.com/wesbos/beginner-javascript#readme"
  >>>>>>> 254891c1aa3d74056357d2ebd9e3a44be16a497a
  }

yarn manifest: 
  No manifest

Lockfile: 
  No lockfile
